<?xml version="1.0" encoding="UTF-8"?>
<testsuite xmlns:xsi="http://www.w3.org/2001/XMLSchema-instance" xsi:noNamespaceSchemaLocation="https://maven.apache.org/surefire/maven-surefire-plugin/xsd/surefire-test-report-3.0.xsd" version="3.0" name="com.bmf.mobile.app.usecase.TokenRefreshUseCaseTest" time="0.008" tests="3" errors="0" skipped="0" failures="0">
  <properties>
[...]
</properties>
  <testcase name="refreshDeviceMismatchShouldRevokeTokenAndThrowTokenInvalidException" classname="com.bmf.mobile.app.usecase.TokenRefreshUseCaseTest" time="0.003">
    <system-out><![CDATA[13:39:16.674 [main] INFO com.bmf.mobile.app.usecase.TokenRefreshUseCase -- Processing token refresh: deviceId=DEV-ATTACKER-UNKNOWN
13:39:16.674 [main] WARN com.bmf.mobile.app.usecase.TokenRefreshUseCase -- Token refresh failed - device mismatch: expected=DEV-AGENT-001, received=DEV-ATTACKER-UNKNOWN
]]></system-out>
  </testcase>
  <testcase name="refreshExpiredTokenShouldThrowTokenExpiredException" classname="com.bmf.mobile.app.usecase.TokenRefreshUseCaseTest" time="0.001">
    <system-out><![CDATA[13:39:16.676 [main] INFO com.bmf.mobile.app.usecase.TokenRefreshUseCase -- Processing token refresh: deviceId=DEV-AGENT-001
13:39:16.676 [main] WARN com.bmf.mobile.app.usecase.TokenRefreshUseCase -- Token refresh failed - invalid or expired refresh token: deviceId=DEV-AGENT-001
]]></system-out>
  </testcase>
  <testcase name="refreshSuccessShouldRotateTokensAndReturnNewAuthResponse" classname="com.bmf.mobile.app.usecase.TokenRefreshUseCaseTest" time="0.002">
    <system-out><![CDATA[13:39:16.678 [main] INFO com.bmf.mobile.app.usecase.TokenRefreshUseCase -- Processing token refresh: deviceId=DEV-AGENT-001
13:39:16.679 [main] INFO com.bmf.mobile.app.usecase.TokenRefreshUseCase -- Token successfully refreshed: userId=USR001, userType=AGENT
]]></system-out>
  </testcase>
</testsuite>