<?xml version="1.0" encoding="UTF-8"?>
<testsuite xmlns:xsi="http://www.w3.org/2001/XMLSchema-instance" xsi:noNamespaceSchemaLocation="https://maven.apache.org/surefire/maven-surefire-plugin/xsd/surefire-test-report-3.0.xsd" version="3.0" name="com.bmf.mobile.infra.security.JwtTokenProviderTest" time="0.238" tests="3" errors="0" skipped="0" failures="0">
  <properties>
[...]
</properties>
  <testcase name="generateRefreshTokenShouldBeRandomAlphanumeric" classname="com.bmf.mobile.infra.security.JwtTokenProviderTest" time="0.068"/>
  <testcase name="validateInvalidTokenShouldReturnFalse" classname="com.bmf.mobile.infra.security.JwtTokenProviderTest" time="0.108">
    <system-out><![CDATA[00:02:45.974 [main] WARN com.bmf.mobile.infra.security.JwtTokenProvider -- Token validation failed: Malformed protected header JSON: Unable to deserialize: Unexpected character ('�' (code 65533 / 0xfffd)): expected a valid value (JSON String, Number, Array, Object or token 'null', 'true' or 'false')
 at [Source: REDACTED (`StreamReadFeature.INCLUDE_SOURCE_IN_LOCATION` disabled); line: 1, column: 1]
00:02:45.975 [main] WARN com.bmf.mobile.infra.security.JwtTokenProvider -- Token validation failed: CharSequence cannot be null or empty.
00:02:45.975 [main] WARN com.bmf.mobile.infra.security.JwtTokenProvider -- Token validation failed: CharSequence cannot be null or empty.
]]></system-out>
  </testcase>
  <testcase name="generateAndValidateAccessTokenSuccess" classname="com.bmf.mobile.infra.security.JwtTokenProviderTest" time="0.05"/>
</testsuite>