<?xml version="1.0" encoding="UTF-8"?>
<testsuite xmlns:xsi="http://www.w3.org/2001/XMLSchema-instance" xsi:noNamespaceSchemaLocation="https://maven.apache.org/surefire/maven-surefire-plugin/xsd/surefire-test-report-3.0.xsd" version="3.0" name="com.bmf.mobile.api.AuthIntegrationTests" time="4.35" tests="6" errors="0" skipped="0" failures="0">
  <properties>
[...]
</properties>
  <testcase name="customerLoginLockedPinShouldReturnPinBlockedError" classname="com.bmf.mobile.api.AuthIntegrationTests" time="0.158">
    <system-out><![CDATA[00:02:47.266 [main] INFO org.springframework.test.context.support.AnnotationConfigContextLoaderUtils -- Could not detect default configuration classes for test class [com.bmf.mobile.api.AuthIntegrationTests]: AuthIntegrationTests does not declare any static, non-private, non-final, nested classes annotated with @Configuration.
00:02:47.333 [main] INFO org.springframework.boot.test.context.SpringBootTestContextBootstrapper -- Found @SpringBootConfiguration com.bmf.mobile.api.BffApplication for test class com.bmf.mobile.api.AuthIntegrationTests
00:02:47,192 |-INFO in ch.qos.logback.classic.LoggerContext[default] - This is logback-classic version 1.5.7
00:02:47,193 |-INFO in ch.qos.logback.classic.util.ContextInitializer@109d724c - Here is a list of configurators discovered as a service, by rank: 
00:02:47,193 |-INFO in ch.qos.logback.classic.util.ContextInitializer@109d724c -   org.springframework.boot.logging.logback.RootLogLevelConfigurator
00:02:47,193 |-INFO in ch.qos.logback.classic.util.ContextInitializer@109d724c - They will be invoked in order until ExecutionStatus.DO_NOT_INVOKE_NEXT_IF_ANY is returned.
00:02:47,193 |-INFO in ch.qos.logback.classic.util.ContextInitializer@109d724c - Constructed configurator of type class org.springframework.boot.logging.logback.RootLogLevelConfigurator
00:02:47,197 |-INFO in ch.qos.logback.classic.util.ContextInitializer@109d724c - org.springframework.boot.logging.logback.RootLogLevelConfigurator.configure() call lasted 0 milliseconds. ExecutionStatus=INVOKE_NEXT_IF_ANY
00:02:47,197 |-INFO in ch.qos.logback.classic.util.ContextInitializer@109d724c - Trying to configure with ch.qos.logback.classic.joran.SerializedModelConfigurator
00:02:47,198 |-INFO in ch.qos.logback.classic.util.ContextInitializer@109d724c - Constructed configurator of type class ch.qos.logback.classic.joran.SerializedModelConfigurator
00:02:47,199 |-INFO in ch.qos.logback.classic.LoggerContext[default] - Could NOT find resource [logback-test.scmo]
00:02:47,199 |-INFO in ch.qos.logback.classic.LoggerContext[default] - Could NOT find resource [logback.scmo]
00:02:47,199 |-INFO in ch.qos.logback.classic.util.ContextInitializer@109d724c - ch.qos.logback.classic.joran.SerializedModelConfigurator.configure() call lasted 1 milliseconds. ExecutionStatus=INVOKE_NEXT_IF_ANY
00:02:47,199 |-INFO in ch.qos.logback.classic.util.ContextInitializer@109d724c - Trying to configure with ch.qos.logback.classic.util.DefaultJoranConfigurator
00:02:47,200 |-INFO in ch.qos.logback.classic.util.ContextInitializer@109d724c - Constructed configurator of type class ch.qos.logback.classic.util.DefaultJoranConfigurator
00:02:47,200 |-INFO in ch.qos.logback.classic.LoggerContext[default] - Could NOT find resource [logback-test.xml]
00:02:47,200 |-INFO in ch.qos.logback.classic.LoggerContext[default] - Could NOT find resource [logback.xml]
00:02:47,200 |-INFO in ch.qos.logback.classic.util.ContextInitializer@109d724c - ch.qos.logback.classic.util.DefaultJoranConfigurator.configure() call lasted 0 milliseconds. ExecutionStatus=INVOKE_NEXT_IF_ANY
00:02:47,200 |-INFO in ch.qos.logback.classic.util.ContextInitializer@109d724c - Trying to configure with ch.qos.logback.classic.BasicConfigurator
00:02:47,201 |-INFO in ch.qos.logback.classic.util.ContextInitializer@109d724c - Constructed configurator of type class ch.qos.logback.classic.BasicConfigurator
00:02:47,201 |-INFO in ch.qos.logback.classic.BasicConfigurator@1704f67f - Setting up default configuration.
00:02:47,212 |-INFO in ch.qos.logback.classic.util.ContextInitializer@109d724c - ch.qos.logback.classic.BasicConfigurator.configure() call lasted 11 milliseconds. ExecutionStatus=NEUTRAL
00:02:47,568 |-INFO in ch.qos.logback.classic.model.processor.ConfigurationModelHandlerFull - Registering a new ReconfigureOnChangeTask ReconfigureOnChangeTask(born:1789146167567)
00:02:47,568 |-INFO in ch.qos.logback.classic.model.processor.ConfigurationModelHandlerFull - Will scan for changes in [file:/Users/micro/Source/erp/mifinace/src/backend/mobile-bff-gateway/bmf-api/target/classes/logback-spring.xml] 
00:02:47,568 |-INFO in ch.qos.logback.classic.model.processor.ConfigurationModelHandlerFull - Setting ReconfigureOnChangeTask scanning period to 30 seconds
00:02:47,572 |-WARN in ch.qos.logback.core.model.processor.AppenderModelHandler - Appender named [CONSOLE_JSON] not referenced. Skipping further processing.
00:02:47,572 |-INFO in ch.qos.logback.core.model.processor.AppenderModelHandler - Processing appender named [CONSOLE_TEXT]
00:02:47,572 |-INFO in ch.qos.logback.core.model.processor.AppenderModelHandler - About to instantiate appender of type [ch.qos.logback.core.ConsoleAppender]
00:02:47,574 |-INFO in ch.qos.logback.core.model.processor.ImplicitModelHandler - Assuming default type [ch.qos.logback.classic.encoder.PatternLayoutEncoder] for [encoder] property
00:02:47,583 |-INFO in ch.qos.logback.classic.model.processor.LoggerModelHandler - Setting level of logger [com.bmf.mobile] to DEBUG
00:02:47,583 |-INFO in ch.qos.logback.classic.jul.LevelChangePropagator@e4d2696 - Propagating DEBUG level on Logger[com.bmf.mobile] onto the JUL framework
00:02:47,584 |-INFO in ch.qos.logback.classic.model.processor.LoggerModelHandler - Setting level of logger [org.springframework.web] to INFO
00:02:47,584 |-INFO in ch.qos.logback.classic.jul.LevelChangePropagator@e4d2696 - Propagating INFO level on Logger[org.springframework.web] onto the JUL framework
00:02:47,584 |-INFO in ch.qos.logback.classic.model.processor.LoggerModelHandler - Setting level of logger [org.springframework.jdbc] to INFO
00:02:47,584 |-INFO in ch.qos.logback.classic.jul.LevelChangePropagator@e4d2696 - Propagating INFO level on Logger[org.springframework.jdbc] onto the JUL framework
00:02:47,584 |-INFO in ch.qos.logback.classic.model.processor.LoggerModelHandler - Setting level of logger [org.redisson] to WARN
00:02:47,584 |-INFO in ch.qos.logback.classic.jul.LevelChangePropagator@e4d2696 - Propagating WARN level on Logger[org.redisson] onto the JUL framework
00:02:47,584 |-INFO in ch.qos.logback.classic.model.processor.LoggerModelHandler - Setting level of logger [com.microsoft.sqlserver] to WARN
00:02:47,584 |-INFO in ch.qos.logback.classic.jul.LevelChangePropagator@e4d2696 - Propagating WARN level on Logger[com.microsoft.sqlserver] onto the JUL framework
00:02:47,584 |-INFO in ch.qos.logback.classic.model.processor.RootLoggerModelHandler - Setting level of ROOT logger to INFO
00:02:47,584 |-INFO in ch.qos.logback.classic.jul.LevelChangePropagator@e4d2696 - Propagating INFO level on Logger[ROOT] onto the JUL framework
00:02:47,584 |-INFO in ch.qos.logback.core.model.processor.AppenderRefModelHandler - Attaching appender named [CONSOLE_TEXT] to Logger[ROOT]
00:02:47,584 |-INFO in ch.qos.logback.core.model.processor.DefaultProcessor@6e0f7aad - End of configuration.
00:02:47,584 |-INFO in org.springframework.boot.logging.logback.SpringBootJoranConfigurator@15fb7a32 - Registering current configuration as safe fallback point


  .   ____          _            __ _ _
 /\\ / ___'_ __ _ _(_)_ __  __ _ \ \ \ \
( ( )\___ | '_ | '_| | '_ \/ _` | \ \ \ \
 \\/  ___)| |_)| | | | | || (_| |  ) ) ) )
  '  |____| .__|_| |_|_| |_\__, | / / / /
 =========|_|==============|___/=/_/_/_/

 :: Spring Boot ::                (v3.3.3)

2026-09-12 00:02:47.603 [background-preinit] &amp#27;[34mINFO &amp#27;[0;39m &amp#27;[36mo.h.validator.internal.util.Version&amp#27;[0;39m [] - HV000001: Hibernate Validator 8.0.1.Final
2026-09-12 00:02:47.618 [main] &amp#27;[34mINFO &amp#27;[0;39m &amp#27;[36mc.b.mobile.api.AuthIntegrationTests&amp#27;[0;39m [] - Starting AuthIntegrationTests using Java 21.0.11 with PID 84416 (started by micro in /Users/micro/Source/erp/mifinace/src/backend/mobile-bff-gateway/bmf-api)
2026-09-12 00:02:47.618 [main] &amp#27;[39mDEBUG&amp#27;[0;39m &amp#27;[36mc.b.mobile.api.AuthIntegrationTests&amp#27;[0;39m [] - Running with Spring Boot v3.3.3, Spring v6.1.12
2026-09-12 00:02:47.618 [main] &amp#27;[34mINFO &amp#27;[0;39m &amp#27;[36mc.b.mobile.api.AuthIntegrationTests&amp#27;[0;39m [] - The following 1 profile is active: "test"
2026-09-12 00:02:49.209 [main] &amp#27;[34mINFO &amp#27;[0;39m &amp#27;[36mcom.zaxxer.hikari.HikariDataSource&amp#27;[0;39m [] - BMF-HikariCP-Pool - Starting...
2026-09-12 00:02:49.383 [main] &amp#27;[34mINFO &amp#27;[0;39m &amp#27;[36mcom.zaxxer.hikari.pool.HikariPool&amp#27;[0;39m [] - BMF-HikariCP-Pool - Added connection conn0: url=jdbc:h2:mem:bmf_test_db user=SA
2026-09-12 00:02:49.393 [main] &amp#27;[34mINFO &amp#27;[0;39m &amp#27;[36mcom.zaxxer.hikari.HikariDataSource&amp#27;[0;39m [] - BMF-HikariCP-Pool - Start completed.
2026-09-12 00:02:49.925 [main] &amp#27;[34mINFO &amp#27;[0;39m &amp#27;[36mc.b.m.api.config.VirtualThreadConfig&amp#27;[0;39m [] - Initializing Java 21 Virtual Threads Async Task Executor
2026-09-12 00:02:49.928 [main] &amp#27;[34mINFO &amp#27;[0;39m &amp#27;[36mc.b.m.api.config.VirtualThreadConfig&amp#27;[0;39m [] - Enabling Java 21 Virtual Threads for Tomcat Protocol Handler
2026-09-12 00:02:50.063 [main] &amp#27;[31mWARN &amp#27;[0;39m &amp#27;[36mo.s.b.a.s.s.UserDetailsServiceAutoConfiguration&amp#27;[0;39m [] - 

Using generated security password: 2ae1f66e-d16a-49d5-b756-32c8c5ee1f8f

This generated password is for development use only. Your security configuration must be updated before running your application in production.

2026-09-12 00:02:50.075 [main] &amp#27;[34mINFO &amp#27;[0;39m &amp#27;[36mo.s.s.c.a.a.c.InitializeUserDetailsBeanManagerConfigurer$InitializeUserDetailsManagerConfigurer&amp#27;[0;39m [] - Global AuthenticationManager configured with UserDetailsService bean with name inMemoryUserDetailsManager
2026-09-12 00:02:50.431 [main] &amp#27;[34mINFO &amp#27;[0;39m &amp#27;[36mo.s.b.a.e.web.EndpointLinksResolver&amp#27;[0;39m [] - Exposing 3 endpoints beneath base path '/actuator'
2026-09-12 00:02:50.534 [main] &amp#27;[34mINFO &amp#27;[0;39m &amp#27;[36mc.b.m.infra.config.ShedLockConfig&amp#27;[0;39m [] - Configuring InMemoryLockProvider for ShedLock (single-node/testing mode)
2026-09-12 00:02:50.967 [main] &amp#27;[39mDEBUG&amp#27;[0;39m &amp#27;[36mc.b.m.i.s.JwtAuthenticationFilter&amp#27;[0;39m [] - Filter 'jwtAuthenticationFilter' configured for use
2026-09-12 00:02:50.967 [main] &amp#27;[34mINFO &amp#27;[0;39m &amp#27;[36mo.s.b.t.m.w.SpringBootMockServletContext&amp#27;[0;39m [] - Initializing Spring TestDispatcherServlet ''
2026-09-12 00:02:50.967 [main] &amp#27;[34mINFO &amp#27;[0;39m &amp#27;[36mo.s.t.w.s.TestDispatcherServlet&amp#27;[0;39m [] - Initializing Servlet ''
2026-09-12 00:02:50.968 [main] &amp#27;[34mINFO &amp#27;[0;39m &amp#27;[36mo.s.t.w.s.TestDispatcherServlet&amp#27;[0;39m [] - Completed initialization in 1 ms
2026-09-12 00:02:51.161 [main] &amp#27;[34mINFO &amp#27;[0;39m &amp#27;[36mc.b.mobile.api.AuthIntegrationTests&amp#27;[0;39m [] - Started AuthIntegrationTests in 3.752 seconds (process running for 4.309)
2026-09-12 00:02:51.378 [main] &amp#27;[31mWARN &amp#27;[0;39m &amp#27;[36mc.b.m.a.e.GlobalExceptionHandler&amp#27;[0;39m [c00a96e0-9b9e-4128-931d-905bdb6a8024] - [c00a96e0-9b9e-4128-931d-905bdb6a8024] Business Exception: code=ERR_PIN_BLOCKED, message=Tài khoản bị tạm khóa do nhập sai mã PIN quá số lần quy định, path=/api/v1/auth/customer-login
]]></system-out>
    <system-err><![CDATA[WARNING: A Java agent has been loaded dynamically (/Users/micro/.m2/repository/net/bytebuddy/byte-buddy-agent/1.14.19/byte-buddy-agent-1.14.19.jar)
WARNING: If a serviceability tool is in use, please run with -XX:+EnableDynamicAgentLoading to hide this warning
WARNING: If a serviceability tool is not in use, please run with -Djdk.instrument.traceUsage for more information
WARNING: Dynamic loading of agents will be disallowed by default in a future release
]]></system-err>
  </testcase>
  <testcase name="agentLoginFailureShouldReturn401ProblemDetails" classname="com.bmf.mobile.api.AuthIntegrationTests" time="0.013">
    <system-out><![CDATA[2026-09-12 00:02:51.429 [main] &amp#27;[31mWARN &amp#27;[0;39m &amp#27;[36mc.b.m.a.e.GlobalExceptionHandler&amp#27;[0;39m [fc5dd196-7e1f-4de6-9d77-170d0f660cd4] - [fc5dd196-7e1f-4de6-9d77-170d0f660cd4] Business Exception: code=ERR_CREDENTIALS_INVALID, message=Tên đăng nhập hoặc mật khẩu / mã PIN không chính xác, path=/api/v1/auth/agent-login
]]></system-out>
  </testcase>
  <testcase name="customerLoginSuccessWithMyanmarLocaleShouldReturn200" classname="com.bmf.mobile.api.AuthIntegrationTests" time="0.011"/>
  <testcase name="refreshTokenSuccessShouldReturn200" classname="com.bmf.mobile.api.AuthIntegrationTests" time="0.007"/>
  <testcase name="logoutSuccessShouldReturn200" classname="com.bmf.mobile.api.AuthIntegrationTests" time="0.05">
    <system-out><![CDATA[2026-09-12 00:02:51.496 [main] &amp#27;[31mWARN &amp#27;[0;39m &amp#27;[36mc.b.m.i.security.JwtTokenProvider&amp#27;[0;39m [a73ecf8e-2f94-44f2-ad6f-c8aeee5e4131] - Token validation failed: Invalid compact JWT string: Compact JWSs must contain exactly 2 period characters, and compact JWEs must contain exactly 4.  Found: 0
]]></system-out>
  </testcase>
  <testcase name="agentLoginSuccessShouldReturn200" classname="com.bmf.mobile.api.AuthIntegrationTests" time="0.006"/>
</testsuite>