<?xml version="1.0" encoding="UTF-8"?>
<testsuite xmlns:xsi="http://www.w3.org/2001/XMLSchema-instance" xsi:noNamespaceSchemaLocation="https://maven.apache.org/surefire/maven-surefire-plugin/xsd/surefire-test-report-3.0.xsd" version="3.0" name="com.bmf.mobile.api.OutboxNotificationWorkerTests" time="0.503" tests="7" errors="0" skipped="0" failures="0">
  <properties>
[...]
</properties>
  <testcase name="testOutboxWorkerSavingDepositedEvent" classname="com.bmf.mobile.api.OutboxNotificationWorkerTests" time="0.016">
    <system-out><![CDATA[
  .   ____          _            __ _ _
 /\\ / ___'_ __ _ _(_)_ __  __ _ \ \ \ \
( ( )\___ | '_ | '_| | '_ \/ _` | \ \ \ \
 \\/  ___)| |_)| | | | | || (_| |  ) ) ) )
  '  |____| .__|_| |_|_| |_\__, | / / / /
 =========|_|==============|___/=/_/_/_/

 :: Spring Boot ::                (v3.3.3)

2026-09-11 11:24:42.042 [main] &amp#27;[34mINFO &amp#27;[0;39m &amp#27;[36mc.b.m.a.OutboxNotificationWorkerTests&amp#27;[0;39m [] - Starting OutboxNotificationWorkerTests using Java 21.0.11 with PID 51168 (started by micro in /Users/micro/Source/erp/mifinace/src/backend/mobile-bff-gateway/bmf-api)
2026-09-11 11:24:42.042 [main] &amp#27;[39mDEBUG&amp#27;[0;39m &amp#27;[36mc.b.m.a.OutboxNotificationWorkerTests&amp#27;[0;39m [] - Running with Spring Boot v3.3.3, Spring v6.1.12
2026-09-11 11:24:42.043 [main] &amp#27;[34mINFO &amp#27;[0;39m &amp#27;[36mc.b.m.a.OutboxNotificationWorkerTests&amp#27;[0;39m [] - The following 1 profile is active: "test"
2026-09-11 11:24:42.168 [scheduling-1] &amp#27;[39mDEBUG&amp#27;[0;39m &amp#27;[36mc.b.m.i.p.JdbcOutboxEventRepository&amp#27;[0;39m [] - Querying pending Outbox events from memory fallback: PreparedStatementCallback; bad SQL grammar [SELECT TOP (?) Event_ID, Aggregate_Type, Aggregate_ID, Event_Type, Payload_JSON,
                    Status, Retry_Count, Max_Retries, Error_Message, Created_Time,
                    Processed_Time, Sent_Time
FROM dbo.SYS_OUTBOX_EVENT WITH (READPAST)
WHERE Status = 'PENDING' AND Retry_Count < Max_Retries
ORDER BY Event_ID ASC
]
2026-09-11 11:24:42.251 [main] &amp#27;[34mINFO &amp#27;[0;39m &amp#27;[36mc.b.m.api.config.VirtualThreadConfig&amp#27;[0;39m [] - Initializing Java 21 Virtual Threads Async Task Executor
2026-09-11 11:24:42.251 [main] &amp#27;[34mINFO &amp#27;[0;39m &amp#27;[36mc.b.m.api.config.VirtualThreadConfig&amp#27;[0;39m [] - Enabling Java 21 Virtual Threads for Tomcat Protocol Handler
2026-09-11 11:24:42.253 [main] &amp#27;[34mINFO &amp#27;[0;39m &amp#27;[36mc.b.m.infra.config.ShedLockConfig&amp#27;[0;39m [] - Configuring InMemoryLockProvider for ShedLock (single-node/testing mode)
2026-09-11 11:24:42.287 [main] &amp#27;[31mWARN &amp#27;[0;39m &amp#27;[36mo.s.b.a.s.s.UserDetailsServiceAutoConfiguration&amp#27;[0;39m [] - 

Using generated security password: 714da7fb-9cc5-4dff-a2c6-df896decc529

This generated password is for development use only. Your security configuration must be updated before running your application in production.

2026-09-11 11:24:42.288 [main] &amp#27;[34mINFO &amp#27;[0;39m &amp#27;[36mo.s.s.c.a.a.c.InitializeUserDetailsBeanManagerConfigurer$InitializeUserDetailsManagerConfigurer&amp#27;[0;39m [] - Global AuthenticationManager configured with UserDetailsService bean with name inMemoryUserDetailsManager
2026-09-11 11:24:42.362 [main] &amp#27;[34mINFO &amp#27;[0;39m &amp#27;[36mo.s.b.a.e.web.EndpointLinksResolver&amp#27;[0;39m [] - Exposing 3 endpoints beneath base path '/actuator'
2026-09-11 11:24:42.381 [scheduling-1] &amp#27;[39mDEBUG&amp#27;[0;39m &amp#27;[36mc.b.m.i.p.JdbcOutboxEventRepository&amp#27;[0;39m [] - Querying pending Outbox events from memory fallback: PreparedStatementCallback; bad SQL grammar [SELECT TOP (?) Event_ID, Aggregate_Type, Aggregate_ID, Event_Type, Payload_JSON,
                    Status, Retry_Count, Max_Retries, Error_Message, Created_Time,
                    Processed_Time, Sent_Time
FROM dbo.SYS_OUTBOX_EVENT WITH (READPAST)
WHERE Status = 'PENDING' AND Retry_Count < Max_Retries
ORDER BY Event_ID ASC
]
2026-09-11 11:24:42.489 [main] &amp#27;[34mINFO &amp#27;[0;39m &amp#27;[36mc.b.m.a.OutboxNotificationWorkerTests&amp#27;[0;39m [] - Started OutboxNotificationWorkerTests in 0.458 seconds (process running for 6.37)
2026-09-11 11:24:42.488 [scheduling-1] &amp#27;[34mINFO &amp#27;[0;39m &amp#27;[36mcom.zaxxer.hikari.HikariDataSource&amp#27;[0;39m [] - BMF-HikariCP-Pool - Starting...
2026-09-11 11:24:42.489 [scheduling-1] &amp#27;[34mINFO &amp#27;[0;39m &amp#27;[36mcom.zaxxer.hikari.pool.HikariPool&amp#27;[0;39m [] - BMF-HikariCP-Pool - Added connection conn30: url=jdbc:h2:mem:bmf_test_db user=SA
2026-09-11 11:24:42.490 [scheduling-1] &amp#27;[34mINFO &amp#27;[0;39m &amp#27;[36mcom.zaxxer.hikari.HikariDataSource&amp#27;[0;39m [] - BMF-HikariCP-Pool - Start completed.
2026-09-11 11:24:42.490 [scheduling-1] &amp#27;[39mDEBUG&amp#27;[0;39m &amp#27;[36mc.b.m.i.p.JdbcOutboxEventRepository&amp#27;[0;39m [] - Querying pending Outbox events from memory fallback: PreparedStatementCallback; bad SQL grammar [SELECT TOP (?) Event_ID, Aggregate_Type, Aggregate_ID, Event_Type, Payload_JSON,
                    Status, Retry_Count, Max_Retries, Error_Message, Created_Time,
                    Processed_Time, Sent_Time
FROM dbo.SYS_OUTBOX_EVENT WITH (READPAST)
WHERE Status = 'PENDING' AND Retry_Count < Max_Retries
ORDER BY Event_ID ASC
]
2026-09-11 11:24:42.490 [scheduling-1] &amp#27;[39mDEBUG&amp#27;[0;39m &amp#27;[36mc.b.m.i.p.JdbcOutboxEventRepository&amp#27;[0;39m [] - Querying pending Outbox events from memory fallback: PreparedStatementCallback; bad SQL grammar [SELECT TOP (?) Event_ID, Aggregate_Type, Aggregate_ID, Event_Type, Payload_JSON,
                    Status, Retry_Count, Max_Retries, Error_Message, Created_Time,
                    Processed_Time, Sent_Time
FROM dbo.SYS_OUTBOX_EVENT WITH (READPAST)
WHERE Status = 'PENDING' AND Retry_Count < Max_Retries
ORDER BY Event_ID ASC
]
2026-09-11 11:24:42.495 [main] &amp#27;[39mDEBUG&amp#27;[0;39m &amp#27;[36mc.b.m.i.p.JdbcMobileDeviceRepository&amp#27;[0;39m [] - Database unavailable, saved mobile device in memory store: deviceId=DEV-OUTBOX-99001, userId=KH-99001
2026-09-11 11:24:42.496 [main] &amp#27;[31mWARN &amp#27;[0;39m &amp#27;[36mc.b.m.i.p.JdbcOutboxEventRepository&amp#27;[0;39m [] - Database unavailable, saved Outbox event to in-memory store: eventId=1001, aggregateId=SAV-BMF-889900, error=PreparedStatementCallback; bad SQL grammar [INSERT INTO dbo.SYS_OUTBOX_EVENT (Aggregate_Type, Aggregate_ID, Event_Type, Payload_JSON,
                                  Status, Retry_Count, Max_Retries, Created_Time)
VALUES (?, ?, ?, ?,
        ?, ?, ?, ?)
]
2026-09-11 11:24:42.497 [main] &amp#27;[39mDEBUG&amp#27;[0;39m &amp#27;[36mc.b.m.i.p.JdbcOutboxEventRepository&amp#27;[0;39m [] - Querying pending Outbox events from memory fallback: PreparedStatementCallback; bad SQL grammar [SELECT TOP (?) Event_ID, Aggregate_Type, Aggregate_ID, Event_Type, Payload_JSON,
                    Status, Retry_Count, Max_Retries, Error_Message, Created_Time,
                    Processed_Time, Sent_Time
FROM dbo.SYS_OUTBOX_EVENT WITH (READPAST)
WHERE Status = 'PENDING' AND Retry_Count < Max_Retries
ORDER BY Event_ID ASC
]
2026-09-11 11:24:42.497 [main] &amp#27;[34mINFO &amp#27;[0;39m &amp#27;[36mc.b.m.a.w.NotificationOutboxWorker&amp#27;[0;39m [] - NotificationOutboxWorker fetched 1 pending events for processing
2026-09-11 11:24:42.500 [main] &amp#27;[39mDEBUG&amp#27;[0;39m &amp#27;[36mc.b.m.i.p.JdbcMobileDeviceRepository&amp#27;[0;39m [] - Querying active devices from memory fallback: PreparedStatementCallback; bad SQL grammar [SELECT Device_ID, User_ID, User_Type, Platform, Device_Name, OS_Version, App_Version,
       Push_Token, Public_Key, Is_Active, Last_Active_Time, Created_Time, Updated_Time
FROM dbo.SYS_MOBILE_DEVICE
WHERE User_ID = ? AND User_Type = ? AND Is_Active = 1
]
2026-09-11 11:24:42.501 [main] &amp#27;[34mINFO &amp#27;[0;39m &amp#27;[36mc.b.m.i.n.FirebasePushNotificationAdapter&amp#27;[0;39m [] - [FCM-SIMULATION] Successfully sent push notification: token=fcm_token_sample_myanmar_customer_99001, title='စုဆောင်းငွေ ထည့်သွင်းခြင်း အောင်မြင်ပါသည် / Savings Deposited', body='စုဆောင်းငွေ ကျပ် 20,000 MMK အောင်မြင်စွာ ထည့်သွင်းပြီးပါပြီ။ / Savings deposit received: 20,000 MMK', dataCount=4
2026-09-11 11:24:42.501 [main] &amp#27;[34mINFO &amp#27;[0;39m &amp#27;[36mc.b.m.i.n.FirebasePushNotificationAdapter&amp#27;[0;39m [] - FCM Batch dispatch completed: total=1, success=1
2026-09-11 11:24:42.501 [main] &amp#27;[34mINFO &amp#27;[0;39m &amp#27;[36mc.b.m.a.w.NotificationOutboxWorker&amp#27;[0;39m [] - Batch push notification completed: dispatched 1 messages out of 1
2026-09-11 11:24:42.502 [main] &amp#27;[39mDEBUG&amp#27;[0;39m &amp#27;[36mc.b.m.i.p.JdbcOutboxEventRepository&amp#27;[0;39m [] - Database unavailable, updated Outbox event status in memory: eventId=1001, status=SENT
2026-09-11 11:24:42.502 [main] &amp#27;[34mINFO &amp#27;[0;39m &amp#27;[36mc.b.m.a.w.NotificationOutboxWorker&amp#27;[0;39m [] - Marked Outbox event as SENT: eventId=1001, eventType=SAVING_DEPOSITED
]]></system-out>
  </testcase>
  <testcase name="testOutboxWorkerPaymentReceivedEvent" classname="com.bmf.mobile.api.OutboxNotificationWorkerTests" time="0.004">
    <system-out><![CDATA[2026-09-11 11:24:42.508 [main] &amp#27;[39mDEBUG&amp#27;[0;39m &amp#27;[36mc.b.m.i.p.JdbcMobileDeviceRepository&amp#27;[0;39m [] - Database unavailable, saved mobile device in memory store: deviceId=DEV-OUTBOX-99001, userId=KH-99001
2026-09-11 11:24:42.508 [main] &amp#27;[31mWARN &amp#27;[0;39m &amp#27;[36mc.b.m.i.p.JdbcOutboxEventRepository&amp#27;[0;39m [] - Database unavailable, saved Outbox event to in-memory store: eventId=1002, aggregateId=LN-BMF-2026-0099, error=PreparedStatementCallback; bad SQL grammar [INSERT INTO dbo.SYS_OUTBOX_EVENT (Aggregate_Type, Aggregate_ID, Event_Type, Payload_JSON,
                                  Status, Retry_Count, Max_Retries, Created_Time)
VALUES (?, ?, ?, ?,
        ?, ?, ?, ?)
]
2026-09-11 11:24:42.508 [main] &amp#27;[39mDEBUG&amp#27;[0;39m &amp#27;[36mc.b.m.i.p.JdbcOutboxEventRepository&amp#27;[0;39m [] - Querying pending Outbox events from memory fallback: PreparedStatementCallback; bad SQL grammar [SELECT TOP (?) Event_ID, Aggregate_Type, Aggregate_ID, Event_Type, Payload_JSON,
                    Status, Retry_Count, Max_Retries, Error_Message, Created_Time,
                    Processed_Time, Sent_Time
FROM dbo.SYS_OUTBOX_EVENT WITH (READPAST)
WHERE Status = 'PENDING' AND Retry_Count < Max_Retries
ORDER BY Event_ID ASC
]
2026-09-11 11:24:42.508 [main] &amp#27;[34mINFO &amp#27;[0;39m &amp#27;[36mc.b.m.a.w.NotificationOutboxWorker&amp#27;[0;39m [] - NotificationOutboxWorker fetched 1 pending events for processing
2026-09-11 11:24:42.509 [main] &amp#27;[39mDEBUG&amp#27;[0;39m &amp#27;[36mc.b.m.i.p.JdbcMobileDeviceRepository&amp#27;[0;39m [] - Querying active devices from memory fallback: PreparedStatementCallback; bad SQL grammar [SELECT Device_ID, User_ID, User_Type, Platform, Device_Name, OS_Version, App_Version,
       Push_Token, Public_Key, Is_Active, Last_Active_Time, Created_Time, Updated_Time
FROM dbo.SYS_MOBILE_DEVICE
WHERE User_ID = ? AND User_Type = ? AND Is_Active = 1
]
2026-09-11 11:24:42.509 [main] &amp#27;[34mINFO &amp#27;[0;39m &amp#27;[36mc.b.m.i.n.FirebasePushNotificationAdapter&amp#27;[0;39m [] - [FCM-SIMULATION] Successfully sent push notification: token=fcm_token_sample_myanmar_customer_99001, title='ချေးငွေအရစ်ကျ လက်ခံရရှိပါသည် / Repayment Received', body='အရစ်ကျအမှတ် (3) အတွက် ကျပ် 55,000 MMK ပေးသွင်းမှု အောင်မြင်ပါသည်။ / Repayment for period 3 received: 55,000 MMK', dataCount=4
2026-09-11 11:24:42.509 [main] &amp#27;[34mINFO &amp#27;[0;39m &amp#27;[36mc.b.m.i.n.FirebasePushNotificationAdapter&amp#27;[0;39m [] - FCM Batch dispatch completed: total=1, success=1
2026-09-11 11:24:42.509 [main] &amp#27;[34mINFO &amp#27;[0;39m &amp#27;[36mc.b.m.a.w.NotificationOutboxWorker&amp#27;[0;39m [] - Batch push notification completed: dispatched 1 messages out of 1
2026-09-11 11:24:42.509 [main] &amp#27;[39mDEBUG&amp#27;[0;39m &amp#27;[36mc.b.m.i.p.JdbcOutboxEventRepository&amp#27;[0;39m [] - Database unavailable, updated Outbox event status in memory: eventId=1002, status=SENT
2026-09-11 11:24:42.509 [main] &amp#27;[34mINFO &amp#27;[0;39m &amp#27;[36mc.b.m.a.w.NotificationOutboxWorker&amp#27;[0;39m [] - Marked Outbox event as SENT: eventId=1002, eventType=PAYMENT_RECEIVED
]]></system-out>
  </testcase>
  <testcase name="testLoanDueReminderJobExecution" classname="com.bmf.mobile.api.OutboxNotificationWorkerTests" time="0.005">
    <system-out><![CDATA[2026-09-11 11:24:42.512 [main] &amp#27;[39mDEBUG&amp#27;[0;39m &amp#27;[36mc.b.m.i.p.JdbcMobileDeviceRepository&amp#27;[0;39m [] - Database unavailable, saved mobile device in memory store: deviceId=DEV-OUTBOX-99001, userId=KH-99001
2026-09-11 11:24:42.514 [main] &amp#27;[34mINFO &amp#27;[0;39m &amp#27;[36mc.b.m.a.scheduler.LoanDueReminderJob&amp#27;[0;39m [] - Starting Daily Loan Due Reminder Job at 08:00 AM Myanmar Time
2026-09-11 11:24:42.514 [main] &amp#27;[34mINFO &amp#27;[0;39m &amp#27;[36mc.b.m.a.u.LoanDueReminderUseCase&amp#27;[0;39m [] - Starting scan for due loans between 2026-09-12 and 2026-09-14
2026-09-11 11:24:42.515 [main] &amp#27;[31mWARN &amp#27;[0;39m &amp#27;[36mc.b.m.i.p.JdbcLoanRepository&amp#27;[0;39m [] - Database query for due schedules failed, returning fallback mock/empty list: PreparedStatementCallback; bad SQL grammar [SELECT l.Ma_HopDong, h.Ma_ThanhVien, k.Ten_ThanhVien, h.Ma_To, l.Ky_Thu,
       l.Tien_Goc, l.Tien_Lai, l.Phi_BaoHiem, l.TietKiem_BatBuoc, l.Tong_Tien,
       l.Ngay_DenHan, l.Trang_Thai
FROM dbo.TD_LICH_THUNO l
INNER JOIN dbo.TD_HOPDONG h ON l.Ma_HopDong = h.Ma_HopDong
INNER JOIN dbo.KH_THANHVIEN k ON h.Ma_ThanhVien = k.Ma_ThanhVien
WHERE l.Ngay_DenHan >= ? AND l.Ngay_DenHan <= ?
  AND (l.Trang_Thai IS NULL OR l.Trang_Thai NOT IN ('SETTLED', 'PAID'))
ORDER BY l.Ngay_DenHan ASC, k.Ten_ThanhVien ASC
]
2026-09-11 11:24:42.515 [main] &amp#27;[34mINFO &amp#27;[0;39m &amp#27;[36mc.b.m.a.u.LoanDueReminderUseCase&amp#27;[0;39m [] - No upcoming due loans found for reminder period [2026-09-12 - 2026-09-14]
2026-09-11 11:24:42.515 [main] &amp#27;[34mINFO &amp#27;[0;39m &amp#27;[36mc.b.m.a.scheduler.LoanDueReminderJob&amp#27;[0;39m [] - Daily Loan Due Reminder Job completed successfully: created 0 reminders
]]></system-out>
  </testcase>
  <testcase name="testLoanDueReminderUseCaseScanning" classname="com.bmf.mobile.api.OutboxNotificationWorkerTests" time="0.003">
    <system-out><![CDATA[2026-09-11 11:24:42.518 [main] &amp#27;[39mDEBUG&amp#27;[0;39m &amp#27;[36mc.b.m.i.p.JdbcMobileDeviceRepository&amp#27;[0;39m [] - Database unavailable, saved mobile device in memory store: deviceId=DEV-OUTBOX-99001, userId=KH-99001
2026-09-11 11:24:42.518 [main] &amp#27;[34mINFO &amp#27;[0;39m &amp#27;[36mc.b.m.a.u.LoanDueReminderUseCase&amp#27;[0;39m [] - Starting scan for due loans between 2026-09-12 and 2026-09-14
2026-09-11 11:24:42.519 [main] &amp#27;[31mWARN &amp#27;[0;39m &amp#27;[36mc.b.m.i.p.JdbcLoanRepository&amp#27;[0;39m [] - Database query for due schedules failed, returning fallback mock/empty list: PreparedStatementCallback; bad SQL grammar [SELECT l.Ma_HopDong, h.Ma_ThanhVien, k.Ten_ThanhVien, h.Ma_To, l.Ky_Thu,
       l.Tien_Goc, l.Tien_Lai, l.Phi_BaoHiem, l.TietKiem_BatBuoc, l.Tong_Tien,
       l.Ngay_DenHan, l.Trang_Thai
FROM dbo.TD_LICH_THUNO l
INNER JOIN dbo.TD_HOPDONG h ON l.Ma_HopDong = h.Ma_HopDong
INNER JOIN dbo.KH_THANHVIEN k ON h.Ma_ThanhVien = k.Ma_ThanhVien
WHERE l.Ngay_DenHan >= ? AND l.Ngay_DenHan <= ?
  AND (l.Trang_Thai IS NULL OR l.Trang_Thai NOT IN ('SETTLED', 'PAID'))
ORDER BY l.Ngay_DenHan ASC, k.Ten_ThanhVien ASC
]
2026-09-11 11:24:42.519 [main] &amp#27;[34mINFO &amp#27;[0;39m &amp#27;[36mc.b.m.a.u.LoanDueReminderUseCase&amp#27;[0;39m [] - No upcoming due loans found for reminder period [2026-09-12 - 2026-09-14]
]]></system-out>
  </testcase>
  <testcase name="testOutboxWorkerSavingWithdrawnEvent" classname="com.bmf.mobile.api.OutboxNotificationWorkerTests" time="0.003">
    <system-out><![CDATA[2026-09-11 11:24:42.521 [main] &amp#27;[39mDEBUG&amp#27;[0;39m &amp#27;[36mc.b.m.i.p.JdbcMobileDeviceRepository&amp#27;[0;39m [] - Database unavailable, saved mobile device in memory store: deviceId=DEV-OUTBOX-99001, userId=KH-99001
2026-09-11 11:24:42.521 [main] &amp#27;[31mWARN &amp#27;[0;39m &amp#27;[36mc.b.m.i.p.JdbcOutboxEventRepository&amp#27;[0;39m [] - Database unavailable, saved Outbox event to in-memory store: eventId=1003, aggregateId=SAV-BMF-889900, error=PreparedStatementCallback; bad SQL grammar [INSERT INTO dbo.SYS_OUTBOX_EVENT (Aggregate_Type, Aggregate_ID, Event_Type, Payload_JSON,
                                  Status, Retry_Count, Max_Retries, Created_Time)
VALUES (?, ?, ?, ?,
        ?, ?, ?, ?)
]
2026-09-11 11:24:42.521 [main] &amp#27;[39mDEBUG&amp#27;[0;39m &amp#27;[36mc.b.m.i.p.JdbcOutboxEventRepository&amp#27;[0;39m [] - Querying pending Outbox events from memory fallback: PreparedStatementCallback; bad SQL grammar [SELECT TOP (?) Event_ID, Aggregate_Type, Aggregate_ID, Event_Type, Payload_JSON,
                    Status, Retry_Count, Max_Retries, Error_Message, Created_Time,
                    Processed_Time, Sent_Time
FROM dbo.SYS_OUTBOX_EVENT WITH (READPAST)
WHERE Status = 'PENDING' AND Retry_Count < Max_Retries
ORDER BY Event_ID ASC
]
2026-09-11 11:24:42.521 [main] &amp#27;[34mINFO &amp#27;[0;39m &amp#27;[36mc.b.m.a.w.NotificationOutboxWorker&amp#27;[0;39m [] - NotificationOutboxWorker fetched 1 pending events for processing
2026-09-11 11:24:42.522 [main] &amp#27;[39mDEBUG&amp#27;[0;39m &amp#27;[36mc.b.m.i.p.JdbcMobileDeviceRepository&amp#27;[0;39m [] - Querying active devices from memory fallback: PreparedStatementCallback; bad SQL grammar [SELECT Device_ID, User_ID, User_Type, Platform, Device_Name, OS_Version, App_Version,
       Push_Token, Public_Key, Is_Active, Last_Active_Time, Created_Time, Updated_Time
FROM dbo.SYS_MOBILE_DEVICE
WHERE User_ID = ? AND User_Type = ? AND Is_Active = 1
]
2026-09-11 11:24:42.522 [main] &amp#27;[34mINFO &amp#27;[0;39m &amp#27;[36mc.b.m.i.n.FirebasePushNotificationAdapter&amp#27;[0;39m [] - [FCM-SIMULATION] Successfully sent push notification: token=fcm_token_sample_myanmar_customer_99001, title='စုဆောင်းငွေ ထုတ်ယူခြင်း အောင်မြင်ပါသည် / Savings Withdrawn', body='စုဆောင်းငွေ ကျပ် 10,000 MMK အောင်မြင်စွာ ထုတ်ယူပြီးပါပြီ။ / Savings withdrawal completed: 10,000 MMK', dataCount=4
2026-09-11 11:24:42.522 [main] &amp#27;[34mINFO &amp#27;[0;39m &amp#27;[36mc.b.m.i.n.FirebasePushNotificationAdapter&amp#27;[0;39m [] - FCM Batch dispatch completed: total=1, success=1
2026-09-11 11:24:42.522 [main] &amp#27;[34mINFO &amp#27;[0;39m &amp#27;[36mc.b.m.a.w.NotificationOutboxWorker&amp#27;[0;39m [] - Batch push notification completed: dispatched 1 messages out of 1
2026-09-11 11:24:42.522 [main] &amp#27;[39mDEBUG&amp#27;[0;39m &amp#27;[36mc.b.m.i.p.JdbcOutboxEventRepository&amp#27;[0;39m [] - Database unavailable, updated Outbox event status in memory: eventId=1003, status=SENT
2026-09-11 11:24:42.522 [main] &amp#27;[34mINFO &amp#27;[0;39m &amp#27;[36mc.b.m.a.w.NotificationOutboxWorker&amp#27;[0;39m [] - Marked Outbox event as SENT: eventId=1003, eventType=SAVING_WITHDRAWN
]]></system-out>
  </testcase>
  <testcase name="testOutboxWorkerLoanDisbursedEvent" classname="com.bmf.mobile.api.OutboxNotificationWorkerTests" time="0.003">
    <system-out><![CDATA[2026-09-11 11:24:42.525 [main] &amp#27;[39mDEBUG&amp#27;[0;39m &amp#27;[36mc.b.m.i.p.JdbcMobileDeviceRepository&amp#27;[0;39m [] - Database unavailable, saved mobile device in memory store: deviceId=DEV-OUTBOX-99001, userId=KH-99001
2026-09-11 11:24:42.525 [main] &amp#27;[31mWARN &amp#27;[0;39m &amp#27;[36mc.b.m.i.p.JdbcOutboxEventRepository&amp#27;[0;39m [] - Database unavailable, saved Outbox event to in-memory store: eventId=1004, aggregateId=LN-BMF-2026-0099, error=PreparedStatementCallback; bad SQL grammar [INSERT INTO dbo.SYS_OUTBOX_EVENT (Aggregate_Type, Aggregate_ID, Event_Type, Payload_JSON,
                                  Status, Retry_Count, Max_Retries, Created_Time)
VALUES (?, ?, ?, ?,
        ?, ?, ?, ?)
]
2026-09-11 11:24:42.525 [main] &amp#27;[39mDEBUG&amp#27;[0;39m &amp#27;[36mc.b.m.i.p.JdbcOutboxEventRepository&amp#27;[0;39m [] - Querying pending Outbox events from memory fallback: PreparedStatementCallback; bad SQL grammar [SELECT TOP (?) Event_ID, Aggregate_Type, Aggregate_ID, Event_Type, Payload_JSON,
                    Status, Retry_Count, Max_Retries, Error_Message, Created_Time,
                    Processed_Time, Sent_Time
FROM dbo.SYS_OUTBOX_EVENT WITH (READPAST)
WHERE Status = 'PENDING' AND Retry_Count < Max_Retries
ORDER BY Event_ID ASC
]
2026-09-11 11:24:42.525 [main] &amp#27;[34mINFO &amp#27;[0;39m &amp#27;[36mc.b.m.a.w.NotificationOutboxWorker&amp#27;[0;39m [] - NotificationOutboxWorker fetched 1 pending events for processing
2026-09-11 11:24:42.525 [main] &amp#27;[39mDEBUG&amp#27;[0;39m &amp#27;[36mc.b.m.i.p.JdbcMobileDeviceRepository&amp#27;[0;39m [] - Querying active devices from memory fallback: PreparedStatementCallback; bad SQL grammar [SELECT Device_ID, User_ID, User_Type, Platform, Device_Name, OS_Version, App_Version,
       Push_Token, Public_Key, Is_Active, Last_Active_Time, Created_Time, Updated_Time
FROM dbo.SYS_MOBILE_DEVICE
WHERE User_ID = ? AND User_Type = ? AND Is_Active = 1
]
2026-09-11 11:24:42.526 [main] &amp#27;[34mINFO &amp#27;[0;39m &amp#27;[36mc.b.m.i.n.FirebasePushNotificationAdapter&amp#27;[0;39m [] - [FCM-SIMULATION] Successfully sent push notification: token=fcm_token_sample_myanmar_customer_99001, title='ချေးငွေထုတ်ပေးခြင်း အောင်မြင်ပါသည် / Loan Disbursed', body='စာချုပ်အမှတ် LN-BMF-2026-0099 အတွက် ကျပ် 500,000 MMK အောင်မြင်စွာ ထုတ်ပေးပြီးပါပြီ။ / Loan LN-BMF-2026-0099 disbursed successfully: 500,000 MMK', dataCount=4
2026-09-11 11:24:42.526 [main] &amp#27;[34mINFO &amp#27;[0;39m &amp#27;[36mc.b.m.i.n.FirebasePushNotificationAdapter&amp#27;[0;39m [] - FCM Batch dispatch completed: total=1, success=1
2026-09-11 11:24:42.526 [main] &amp#27;[34mINFO &amp#27;[0;39m &amp#27;[36mc.b.m.a.w.NotificationOutboxWorker&amp#27;[0;39m [] - Batch push notification completed: dispatched 1 messages out of 1
2026-09-11 11:24:42.526 [main] &amp#27;[39mDEBUG&amp#27;[0;39m &amp#27;[36mc.b.m.i.p.JdbcOutboxEventRepository&amp#27;[0;39m [] - Database unavailable, updated Outbox event status in memory: eventId=1004, status=SENT
2026-09-11 11:24:42.526 [main] &amp#27;[34mINFO &amp#27;[0;39m &amp#27;[36mc.b.m.a.w.NotificationOutboxWorker&amp#27;[0;39m [] - Marked Outbox event as SENT: eventId=1004, eventType=LOAN_DISBURSED
]]></system-out>
  </testcase>
  <testcase name="testPushNotificationPortDirectDispatch" classname="com.bmf.mobile.api.OutboxNotificationWorkerTests" time="0.003">
    <system-out><![CDATA[2026-09-11 11:24:42.529 [main] &amp#27;[39mDEBUG&amp#27;[0;39m &amp#27;[36mc.b.m.i.p.JdbcMobileDeviceRepository&amp#27;[0;39m [] - Database unavailable, saved mobile device in memory store: deviceId=DEV-OUTBOX-99001, userId=KH-99001
2026-09-11 11:24:42.529 [main] &amp#27;[34mINFO &amp#27;[0;39m &amp#27;[36mc.b.m.i.n.FirebasePushNotificationAdapter&amp#27;[0;39m [] - [FCM-SIMULATION] Successfully sent push notification: token=fcm_token_sample_myanmar_customer_99001, title='မင်္ဂလာပါ / Hello', body='စမ်းသပ်မှု အောင်မြင်ပါသည် / Test successful', dataCount=0
]]></system-out>
  </testcase>
</testsuite>