<?xml version="1.0" encoding="UTF-8"?>
<testsuite xmlns:xsi="http://www.w3.org/2001/XMLSchema-instance" xsi:noNamespaceSchemaLocation="https://maven.apache.org/surefire/maven-surefire-plugin/xsd/surefire-test-report-3.0.xsd" version="3.0" name="com.bmf.mobile.api.RepaymentIntegrationTests" time="0.76" tests="6" errors="0" skipped="0" failures="0">
  <properties>
[...]
</properties>
  <testcase name="batchSyncWithAgentRoleShouldReturn200" classname="com.bmf.mobile.api.RepaymentIntegrationTests" time="0.043">
    <system-out><![CDATA[2026-09-11 11:24:41.266 [main] &amp#27;[34mINFO &amp#27;[0;39m &amp#27;[36mo.s.t.c.s.AnnotationConfigContextLoaderUtils&amp#27;[0;39m [] - Could not detect default configuration classes for test class [com.bmf.mobile.api.RepaymentIntegrationTests]: RepaymentIntegrationTests does not declare any static, non-private, non-final, nested classes annotated with @Configuration.
2026-09-11 11:24:41.267 [main] &amp#27;[34mINFO &amp#27;[0;39m &amp#27;[36mo.s.b.t.c.SpringBootTestContextBootstrapper&amp#27;[0;39m [] - Found @SpringBootConfiguration com.bmf.mobile.api.BffApplication for test class com.bmf.mobile.api.RepaymentIntegrationTests

  .   ____          _            __ _ _
 /\\ / ___'_ __ _ _(_)_ __  __ _ \ \ \ \
( ( )\___ | '_ | '_| | '_ \/ _` | \ \ \ \
 \\/  ___)| |_)| | | | | || (_| |  ) ) ) )
  '  |____| .__|_| |_|_| |_\__, | / / / /
 =========|_|==============|___/=/_/_/_/

 :: Spring Boot ::                (v3.3.3)

2026-09-11 11:24:41.281 [main] &amp#27;[34mINFO &amp#27;[0;39m &amp#27;[36mc.b.m.api.RepaymentIntegrationTests&amp#27;[0;39m [] - Starting RepaymentIntegrationTests using Java 21.0.11 with PID 51168 (started by micro in /Users/micro/Source/erp/mifinace/src/backend/mobile-bff-gateway/bmf-api)
2026-09-11 11:24:41.281 [main] &amp#27;[39mDEBUG&amp#27;[0;39m &amp#27;[36mc.b.m.api.RepaymentIntegrationTests&amp#27;[0;39m [] - Running with Spring Boot v3.3.3, Spring v6.1.12
2026-09-11 11:24:41.281 [main] &amp#27;[34mINFO &amp#27;[0;39m &amp#27;[36mc.b.m.api.RepaymentIntegrationTests&amp#27;[0;39m [] - The following 1 profile is active: "test"
2026-09-11 11:24:41.376 [scheduling-1] &amp#27;[39mDEBUG&amp#27;[0;39m &amp#27;[36mc.b.m.i.p.JdbcOutboxEventRepository&amp#27;[0;39m [] - Querying pending Outbox events from memory fallback: PreparedStatementCallback; bad SQL grammar [SELECT TOP (?) Event_ID, Aggregate_Type, Aggregate_ID, Event_Type, Payload_JSON,
                    Status, Retry_Count, Max_Retries, Error_Message, Created_Time,
                    Processed_Time, Sent_Time
FROM dbo.SYS_OUTBOX_EVENT WITH (READPAST)
WHERE Status = 'PENDING' AND Retry_Count < Max_Retries
ORDER BY Event_ID ASC
]
2026-09-11 11:24:41.616 [main] &amp#27;[34mINFO &amp#27;[0;39m &amp#27;[36mc.b.m.api.config.VirtualThreadConfig&amp#27;[0;39m [] - Initializing Java 21 Virtual Threads Async Task Executor
2026-09-11 11:24:41.617 [main] &amp#27;[34mINFO &amp#27;[0;39m &amp#27;[36mc.b.m.api.config.VirtualThreadConfig&amp#27;[0;39m [] - Enabling Java 21 Virtual Threads for Tomcat Protocol Handler
2026-09-11 11:24:41.619 [main] &amp#27;[34mINFO &amp#27;[0;39m &amp#27;[36mc.b.m.infra.config.ShedLockConfig&amp#27;[0;39m [] - Configuring InMemoryLockProvider for ShedLock (single-node/testing mode)
2026-09-11 11:24:41.662 [main] &amp#27;[31mWARN &amp#27;[0;39m &amp#27;[36mo.s.b.a.s.s.UserDetailsServiceAutoConfiguration&amp#27;[0;39m [] - 

Using generated security password: 04c0bb82-3657-4530-bd23-cc8e318a9dcb

This generated password is for development use only. Your security configuration must be updated before running your application in production.

2026-09-11 11:24:41.663 [main] &amp#27;[34mINFO &amp#27;[0;39m &amp#27;[36mo.s.s.c.a.a.c.InitializeUserDetailsBeanManagerConfigurer$InitializeUserDetailsManagerConfigurer&amp#27;[0;39m [] - Global AuthenticationManager configured with UserDetailsService bean with name inMemoryUserDetailsManager
2026-09-11 11:24:41.772 [main] &amp#27;[34mINFO &amp#27;[0;39m &amp#27;[36mo.s.b.a.e.web.EndpointLinksResolver&amp#27;[0;39m [] - Exposing 3 endpoints beneath base path '/actuator'
2026-09-11 11:24:41.923 [main] &amp#27;[39mDEBUG&amp#27;[0;39m &amp#27;[36mc.b.m.i.s.JwtAuthenticationFilter&amp#27;[0;39m [] - Filter 'jwtAuthenticationFilter' configured for use
2026-09-11 11:24:41.923 [main] &amp#27;[34mINFO &amp#27;[0;39m &amp#27;[36mo.s.b.t.m.w.SpringBootMockServletContext&amp#27;[0;39m [] - Initializing Spring TestDispatcherServlet ''
2026-09-11 11:24:41.923 [main] &amp#27;[34mINFO &amp#27;[0;39m &amp#27;[36mo.s.t.w.s.TestDispatcherServlet&amp#27;[0;39m [] - Initializing Servlet ''
2026-09-11 11:24:41.924 [main] &amp#27;[34mINFO &amp#27;[0;39m &amp#27;[36mo.s.t.w.s.TestDispatcherServlet&amp#27;[0;39m [] - Completed initialization in 1 ms
2026-09-11 11:24:41.937 [main] &amp#27;[34mINFO &amp#27;[0;39m &amp#27;[36mc.b.m.api.RepaymentIntegrationTests&amp#27;[0;39m [] - Started RepaymentIntegrationTests in 0.667 seconds (process running for 5.818)
2026-09-11 11:24:41.937 [scheduling-1] &amp#27;[34mINFO &amp#27;[0;39m &amp#27;[36mcom.zaxxer.hikari.HikariDataSource&amp#27;[0;39m [] - BMF-HikariCP-Pool - Starting...
2026-09-11 11:24:41.937 [scheduling-1] &amp#27;[34mINFO &amp#27;[0;39m &amp#27;[36mcom.zaxxer.hikari.pool.HikariPool&amp#27;[0;39m [] - BMF-HikariCP-Pool - Added connection conn20: url=jdbc:h2:mem:bmf_test_db user=SA
2026-09-11 11:24:41.938 [scheduling-1] &amp#27;[34mINFO &amp#27;[0;39m &amp#27;[36mcom.zaxxer.hikari.HikariDataSource&amp#27;[0;39m [] - BMF-HikariCP-Pool - Start completed.
2026-09-11 11:24:41.938 [scheduling-1] &amp#27;[39mDEBUG&amp#27;[0;39m &amp#27;[36mc.b.m.i.p.JdbcOutboxEventRepository&amp#27;[0;39m [] - Querying pending Outbox events from memory fallback: PreparedStatementCallback; bad SQL grammar [SELECT TOP (?) Event_ID, Aggregate_Type, Aggregate_ID, Event_Type, Payload_JSON,
                    Status, Retry_Count, Max_Retries, Error_Message, Created_Time,
                    Processed_Time, Sent_Time
FROM dbo.SYS_OUTBOX_EVENT WITH (READPAST)
WHERE Status = 'PENDING' AND Retry_Count < Max_Retries
ORDER BY Event_ID ASC
]
2026-09-11 11:24:41.938 [scheduling-1] &amp#27;[39mDEBUG&amp#27;[0;39m &amp#27;[36mc.b.m.i.p.JdbcOutboxEventRepository&amp#27;[0;39m [] - Querying pending Outbox events from memory fallback: PreparedStatementCallback; bad SQL grammar [SELECT TOP (?) Event_ID, Aggregate_Type, Aggregate_ID, Event_Type, Payload_JSON,
                    Status, Retry_Count, Max_Retries, Error_Message, Created_Time,
                    Processed_Time, Sent_Time
FROM dbo.SYS_OUTBOX_EVENT WITH (READPAST)
WHERE Status = 'PENDING' AND Retry_Count < Max_Retries
ORDER BY Event_ID ASC
]
]]></system-out>
  </testcase>
  <testcase name="collectRepaymentWithAgentRoleShouldReturn200" classname="com.bmf.mobile.api.RepaymentIntegrationTests" time="0.009"/>
  <testcase name="collectRepaymentWithCustomerRoleShouldReturn403Forbidden" classname="com.bmf.mobile.api.RepaymentIntegrationTests" time="0.008">
    <system-out><![CDATA[2026-09-11 11:24:41.997 [main] &amp#27;[31mWARN &amp#27;[0;39m &amp#27;[36mc.b.m.a.e.GlobalExceptionHandler&amp#27;[0;39m [207ae18a-1410-4860-8d3c-c157e8663f35] - [207ae18a-1410-4860-8d3c-c157e8663f35] Access Denied on path=/api/v1/loans/repayments/collect: Access Denied
]]></system-out>
  </testcase>
  <testcase name="syncScheduleWithAgentRoleShouldReturn200" classname="com.bmf.mobile.api.RepaymentIntegrationTests" time="0.01"/>
  <testcase name="getMyLoansWithCustomerRoleShouldReturn200" classname="com.bmf.mobile.api.RepaymentIntegrationTests" time="0.007"/>
  <testcase name="getMyLoansWithoutTokenShouldReturn401Unauthorized" classname="com.bmf.mobile.api.RepaymentIntegrationTests" time="0.005">
    <system-out><![CDATA[2026-09-11 11:24:42.023 [main] &amp#27;[31mWARN &amp#27;[0;39m &amp#27;[36mc.b.m.i.s.JwtAuthenticationEntryPoint&amp#27;[0;39m [738bb886-fb1b-46a4-a25c-75684e7f6603] - [738bb886-fb1b-46a4-a25c-75684e7f6603] Unauthorized access attempt on path=/api/v1/loans/my-loans: Full authentication is required to access this resource
]]></system-out>
  </testcase>
</testsuite>